INFO:     Will watch for changes in these directories: ['/Users/shanks/Desktop/stoxallocator/backend']
INFO:     Uvicorn running on http://0.0.0.0:8001 (Press CTRL+C to quit)
INFO:     Started reloader process [41419] using StatReload
/Users/shanks/Library/Python/3.9/lib/python/site-packages/pydantic/_internal/_config.py:383: UserWarning: Valid config keys have changed in V2:
* 'allow_population_by_field_name' has been renamed to 'validate_by_name'
* 'fields' has been removed
  warnings.warn(message, UserWarning)
INFO:     Started server process [41422]
INFO:     Waiting for application startup.
2026-03-20 02:20:51,612 - apscheduler.scheduler - INFO - Adding job tentatively -- it will be properly scheduled when the scheduler starts
2026-03-20 02:20:51,612 - apscheduler.scheduler - INFO - Added job "Upstox Token Refresh" to job store "default"
2026-03-20 02:20:51,612 - apscheduler.scheduler - INFO - Scheduler started
2026-03-20 02:20:51,612 - server - INFO - Token refresh scheduler started - will run daily at 9:00 AM IST
INFO:     Application startup complete.
2026-03-20 02:21:28,118 - httpx - INFO - HTTP Request: GET https://assets.upstox.com/market-quote/instruments/exchange/NSE.json.gz "HTTP/1.1 200 OK"
INFO:     127.0.0.1:49598 - "GET /api/instruments/search?query=TCS&exchange=NSE&instrument_type=EQ&limit=10 HTTP/1.1" 200 OK
INFO:     127.0.0.1:49667 - "GET /api/instruments/search?query=IN&exchange=NSE&instrument_type=EQ&limit=10 HTTP/1.1" 200 OK
INFO:     127.0.0.1:49667 - "GET /api/instruments/search?query=INFY&exchange=NSE&instrument_type=EQ&limit=10 HTTP/1.1" 200 OK
INFO:     127.0.0.1:49667 - "GET /api/instruments/search?query=infy&exchange=NSE&instrument_type=EQ&limit=10 HTTP/1.1" 200 OK
INFO:     127.0.0.1:49667 - "GET /api/instruments/search?query=IN&exchange=NSE&instrument_type=EQ&limit=10 HTTP/1.1" 200 OK
INFO:     127.0.0.1:49667 - "GET /api/instruments/search?query=INFY&exchange=NSE&instrument_type=EQ&limit=10 HTTP/1.1" 200 OK
INFO:     127.0.0.1:49908 - "GET /api/instruments/search?query=TCS&exchange=NSE&instrument_type=EQ&limit=10 HTTP/1.1" 200 OK
WARNING:  StatReload detected changes in 'server.py'. Reloading...
INFO:     Shutting down
INFO:     Waiting for application shutdown.
2026-03-20 02:22:57,446 - apscheduler.scheduler - INFO - Scheduler has been shut down
INFO:     Application shutdown complete.
INFO:     Finished server process [41422]
/Users/shanks/Library/Python/3.9/lib/python/site-packages/pydantic/_internal/_config.py:383: UserWarning: Valid config keys have changed in V2:
* 'allow_population_by_field_name' has been renamed to 'validate_by_name'
* 'fields' has been removed
  warnings.warn(message, UserWarning)
INFO:     Started server process [41481]
INFO:     Waiting for application startup.
2026-03-20 02:22:57,862 - apscheduler.scheduler - INFO - Adding job tentatively -- it will be properly scheduled when the scheduler starts
2026-03-20 02:22:57,862 - apscheduler.scheduler - INFO - Added job "Upstox Token Refresh" to job store "default"
2026-03-20 02:22:57,862 - apscheduler.scheduler - INFO - Scheduler started
2026-03-20 02:22:57,862 - server - INFO - Token refresh scheduler started - will run daily at 9:00 AM IST
INFO:     Application startup complete.
INFO:     Shutting down
INFO:     Waiting for application shutdown.
2026-03-20 02:22:59,786 - apscheduler.scheduler - INFO - Scheduler has been shut down
INFO:     Application shutdown complete.
INFO:     Finished server process [41481]
INFO:     Stopping reloader process [41419]
